// Refactor output formatting 1755015619
// Refactor output formatting 1755015619
// Optimize next-run calculation 1755015619
// Fix incorrect next-run time bug 1755094772
// Improve timezone handling 1755094772
// Add validation for input phrases 1755094772
// Refactor cron expression generator 1755094772
// Improve natural language parsing 1755181141
// Add validation for input phrases 1755181141
// Optimize next-run calculation 1755181141
// Add more scheduling examples 1755181141
// Optimize next-run calculation 1755216734
// Improve timezone handling 1755216734
// Refactor output formatting 1755216734
// Optimize next-run calculation 1755216734
// Refactor cron expression generator 1755216734
// Improve error messages 1755216734
// Improve error messages 1755267512
// Improve natural language parsing 1755267512
// Fix incorrect next-run time bug 1755353757
// Add validation for input phrases 1755353757
// Add more scheduling examples 1755353757
// Refactor output formatting 1755353757
// Add support for complex intervals 1755440185
// Optimize next-run calculation 1755440185
// Optimize next-run calculation 1755440185
// Improve error messages 1755440185
// Add validation for input phrases 1755440185
// Fix incorrect next-run time bug 1755440185
// Improve timezone handling 1755526809
// Refactor output formatting 1755526809
// Refactor cron expression generator 1755526809
// Fix incorrect next-run time bug 1755526809
// Add more scheduling examples 1755526809
// Add validation for input phrases 1755526809
// Add support for complex intervals 1755526809
// Add more scheduling examples 1755526809
// Fix incorrect next-run time bug 1755526809
// Add validation for input phrases 1755613105
// Fix incorrect next-run time bug 1755613105
// Improve natural language parsing 1755613105
// Refactor cron expression generator 1755699551
// Refactor cron expression generator 1755699551
// Add validation for input phrases 1755699551
// Improve natural language parsing 1755785924
// Improve natural language parsing 1755785924
// Refactor output formatting 1755785924
// Improve timezone handling 1755785924
// Refactor cron expression generator 1755785924
// Optimize next-run calculation 1755785924
// Fix incorrect next-run time bug 1755785924
// Refactor output formatting 1755872281
// Improve natural language parsing 1755872281
// Refactor cron expression generator 1755872281
// Optimize next-run calculation 1755872281
// Improve timezone handling 1755872281
// Add more scheduling examples 1755958504
// Improve natural language parsing 1755958504
// Improve error messages 1755958504
// Optimize next-run calculation 1756044910
// Add validation for input phrases 1756044910
// Optimize next-run calculation 1756131554
// Fix incorrect next-run time bug 1756131554
// Refactor cron expression generator 1756131554
// Add validation for input phrases 1756131554
// Optimize next-run calculation 1756156547
// Add validation for input phrases 1756156547
// Fix incorrect next-run time bug 1756156547
// Refactor output formatting 1756156547
// Refactor output formatting 1756156547
// Add support for complex intervals 1756156547
// Refactor output formatting 1756156547
// Add validation for input phrases 1756156547
// Add more scheduling examples 1756217852
// Refactor cron expression generator 1756217852
// Fix incorrect next-run time bug 1756217852
// Improve error messages 1756217852
// Improve error messages 1756217852
// Add support for complex intervals 1756304259
// Add support for complex intervals 1756304259
// Add validation for input phrases 1756304259
// Refactor output formatting 1756304259
// Add validation for input phrases 1756304259
// Optimize next-run calculation 1756304259
// Add more scheduling examples 1756304259
// Add support for complex intervals 1756390698
// Fix incorrect next-run time bug 1756390698
// Refactor cron expression generator 1756390698
// Improve error messages 1756390698
// Add validation for input phrases 1756390698
// Fix incorrect next-run time bug 1756390698
// Improve error messages 1756411352
// Improve error messages 1756411352
// Improve error messages 1756411352
// Add validation for input phrases 1756411352
// Optimize next-run calculation 1756411352
// Add support for complex intervals 1756477003
// Improve natural language parsing 1756477003
// Improve natural language parsing 1756477003
// Add validation for input phrases 1756477003
// Add more scheduling examples 1756477003
// Add support for complex intervals 1756477003
// Refactor output formatting 1756477003
// Improve natural language parsing 1756563250
// Improve error messages 1756563250
// Improve timezone handling 1756563250
// Refactor cron expression generator 1756563250
// Fix incorrect next-run time bug 1756563250
// Improve natural language parsing 1756649674
// Improve timezone handling 1756649674
// Improve natural language parsing 1756649674
// Improve natural language parsing 1756649674
// Improve natural language parsing 1756687346
// Add more scheduling examples 1756687346
// Refactor cron expression generator 1756687346
// Optimize next-run calculation 1756736238
// Improve timezone handling 1756736238
// Improve timezone handling 1756736238
// Improve error messages 1756736238
// Improve timezone handling 1756736238
// Improve natural language parsing 1756736238
// Add validation for input phrases 1756736238
// Add support for complex intervals 1756822677
// Improve timezone handling 1756822677
// Add validation for input phrases 1756822677
// Improve error messages 1756822677
// Refactor output formatting 1756822677
// Add more scheduling examples 1756822677
// Refactor output formatting 1756909070
// Add support for complex intervals 1756909070
// Add validation for input phrases 1756909070
// Add validation for input phrases 1756909071
// Refactor output formatting 1756909071
// Refactor cron expression generator 1756909071
// Refactor output formatting 1756909071
// Refactor cron expression generator 1756909071
// Optimize next-run calculation 1756909071
// Optimize next-run calculation 1756995411
// Refactor output formatting 1756995411
// Improve natural language parsing 1756995411
// Improve timezone handling 1756995411
// Optimize next-run calculation 1757026444
// Improve timezone handling 1757026444
// Add validation for input phrases 1757026444
// Improve timezone handling 1757026444
// Improve natural language parsing 1757026444
// Optimize next-run calculation 1757026444
// Improve natural language parsing 1757026444
// Refactor cron expression generator 1757026444
// Optimize next-run calculation 1757026445
// Refactor output formatting 1757026445
// Improve natural language parsing 1757081773
// Improve timezone handling 1757081773
// Refactor cron expression generator 1757081773
// Add support for complex intervals 1757081773
// Add validation for input phrases 1757081773
// Add support for complex intervals 1757081773
// Improve timezone handling 1757081773
// Refactor cron expression generator 1757081773
// Add support for complex intervals 1757168029
// Improve error messages 1757168029
// Refactor output formatting 1757254429
// Fix incorrect next-run time bug 1757254429
// Improve error messages 1757254429
// Improve error messages 1757341113
// Improve error messages 1757341113
// Add more scheduling examples 1757341113
// Improve natural language parsing 1757341113
// Add support for complex intervals 1757341113
// Add support for complex intervals 1757427374
// Improve natural language parsing 1757427374
// Add validation for input phrases 1757427374
// Add more scheduling examples 1757513785
// Improve natural language parsing 1757513785
// Add validation for input phrases 1757513785
// Add validation for input phrases 1757513785
// Fix incorrect next-run time bug 1757513785
// Add more scheduling examples 1757513785
// Improve timezone handling 1757513785
// Add validation for input phrases 1757600265
// Add support for complex intervals 1757600265
// Improve natural language parsing 1757600265
// Refactor cron expression generator 1757600265
// Improve timezone handling 1757686607
// Refactor cron expression generator 1757686607
// Refactor cron expression generator 1757686607
// Optimize next-run calculation 1757686607
// Add validation for input phrases 1757772786
// Optimize next-run calculation 1757772786
// Improve timezone handling 1757772787
// Add more scheduling examples 1757772787
// Add more scheduling examples 1757772787
// Improve error messages 1757772787
// Add support for complex intervals 1757772787
// Refactor cron expression generator 1757859237
// Add support for complex intervals 1757859237
// Fix incorrect next-run time bug 1757859237
// Optimize next-run calculation 1757859237
// Add support for complex intervals 1757945896
// Refactor cron expression generator 1757945896
// Add validation for input phrases 1757945896
// Add validation for input phrases 1757945896
// Refactor cron expression generator 1757945896
// Add validation for input phrases 1757945896
// Fix incorrect next-run time bug 1757945896
// Optimize next-run calculation 1757945896
// Fix incorrect next-run time bug 1757945896
// Add validation for input phrases 1758032282
// Improve timezone handling 1758032282
// Optimize next-run calculation 1758118639
// Refactor output formatting 1758118639
// Improve timezone handling 1758129248
// Improve natural language parsing 1758129248
// Optimize next-run calculation 1758129248
// Fix incorrect next-run time bug 1758129248
// Add validation for input phrases 1758129248
// Add validation for input phrases 1758129248
// Optimize next-run calculation 1758129248
// Add more scheduling examples 1758205070
// Optimize next-run calculation 1758205070
// Refactor output formatting 1758205070
// Improve error messages 1758205070
// Optimize next-run calculation 1758291424
// Improve timezone handling 1758291424
// Refactor cron expression generator 1758291424
// Optimize next-run calculation 1758291424
// Refactor cron expression generator 1758291424
// Add support for complex intervals 1758291424
// Add support for complex intervals 1758291424
// Add validation for input phrases 1758291424
// Add validation for input phrases 1758291424
// Improve natural language parsing 1758291424
// Fix incorrect next-run time bug 1758377669
